
. 
. foreach dset in c1950 c1960 c1970 c1980 c1990 {
  2.         
.         clear
  3.         use "raw/census1950_1990/`dset'.dta"
  4.         qui log c
  5.         
.         gen parent_link = momrule_hist
  6.         replace parent_link = poprule_hist if momrule_hist==.
  7.         
.         label define parrule_hist_lbl 0 `"No parent link"'
  8.         label define parrule_hist_lbl  1 `"Unambiguous parent link"', add
  9.         label define parrule_hist_lbl  2 `"Child/grandchild link"', add
 10.         label define parrule_hist_lbl  3 `"Preceding person (no intervening person)"', add
 11.         label define parrule_hist_lbl  4 `"Preceding person (surname similarity)"', add
 12.         label define parrule_hist_lbl  5 `"Child/grandchild (child surviving status)"', add
 13.         label define parrule_hist_lbl  6 `"Preceding person (child surviving status)"', add
 14.         label define parrule_hist_lbl  7 `"Spouse of parent becomes stepmother"', add
 15.         label values parent_link parrule_hist_lbl 
 16.         
.         qui log using out/log/crbias, append t
 17.         
.         di ""
 18.         di ""
 19.         di ""
 20.         di "Dataset year: `dset'"
 21.         
.         //txt "### School attendance by age"
.         tab school age if age<25 & age>10
 22.         
.         //txt "### Highest grade by age"
.         tab higrade age if age<25 & age>10
 23.         
.         //txt "### Parent link by age"
.         tab parent_link age if age<25 & age>10
 24.         
.         tab relate age if age<25 & age>10
 25.         
. }



Dataset year: c1950

                  |                                                      Age
School attendance |        11         12         13         14         15         16         17         18         19         20 |     Total
------------------+--------------------------------------------------------------------------------------------------------------+----------
              N/A |    31,062     32,257     30,274     29,414     28,371     26,995     25,772     24,025     20,973     19,778 |   348,507 
No, not in school |       273        311        319        406        628      1,301      2,016      3,909      4,933      5,295 |    44,338 
   Yes, in school |     6,605      6,795      6,352      6,196      5,969      5,166      4,205      2,750      1,705      1,287 |    50,678 
------------------+--------------------------------------------------------------------------------------------------------------+----------
            Total |    37,940     39,363     36,945     36,016     34,968     33,462     31,993     30,684     27,611     26,360 |   443,523 


                  |                     Age
School attendance |        21         22         23         24 |     Total
------------------+--------------------------------------------+----------
              N/A |    20,028     19,971     19,719     19,868 |   348,507 
No, not in school |     5,873      6,223      6,342      6,509 |    44,338 
   Yes, in school |     1,105        947        849        747 |    50,678 
------------------+--------------------------------------------+----------
            Total |    27,006     27,141     26,910     27,124 |   443,523 

     Highest grade of |
   schooling [general |                                                Age
             version] |        11         12         13         14         15         16         17         18         19 |     Total
----------------------+---------------------------------------------------------------------------------------------------+----------
 N/A  (or None, 1980) |    31,062     32,257     30,274     29,414     28,371     26,995     25,772     24,025     20,973 |   348,507 
                 None |        90         82         65         39         41         36         31         41         45 |       701 
       Nursery school |         6          2          2          1          0          3          1          0          0 |        16 
         Kindergarten |        43         44         37         38         24         21         25          9         11 |       325 
            1st grade |       105         70         48         20         46         35         21         20         31 |       571 
            2nd grade |       288        144         94         44         49         45         35         46         29 |     1,016 
            3rd grade |       767        344        194         97         68         78         53         54         52 |     2,053 
            4th grade |     2,233        828        402        194        100        110         91         84         75 |     4,629 
            5th grade |     2,740      2,238        795        369        185        127        124        103        110 |     7,382 
            6th grade |       521      2,781      1,924        832        410        217        187        200        143 |     8,202 
            7th grade |        67        469      2,526      1,953        824        430        295        297        275 |     8,710 
            8th grade |        15         81        491      2,369      1,918        940        619        572        610 |    11,106 
            9th grade |         2         19         67        482      2,325      1,680        781        563        474 |     8,786 
           10th grade |         0          2         22        104        484      2,162      1,515        766        631 |     8,992 
           11th grade |         0          0          4         31         86        496      1,952      1,377        659 |     7,070 
           12th grade |         1          2          0         25         33         76        457      2,247      2,606 |    17,668 
             1st year |         0          0          0          2          2          5         27        225        627 |     2,694 
             2nd year |         0          0          0          1          2          3          4         39        205 |     2,183 
             3rd year |         0          0          0          0          0          2          1          9         32 |     1,288 
             4th year |         0          0          0          0          0          0          2          7         17 |     1,317 
5th year or more (40- |         0          0          0          1          0          1          0          0          6 |       307 
----------------------+---------------------------------------------------------------------------------------------------+----------
                Total |    37,940     39,363     36,945     36,016     34,968     33,462     31,993     30,684     27,611 |   443,523 


     Highest grade of |
   schooling [general |                          Age
             version] |        20         21         22         23         24 |     Total
----------------------+-------------------------------------------------------+----------
 N/A  (or None, 1980) |    19,778     20,028     19,971     19,719     19,868 |   348,507 
                 None |        35         36         48         54         58 |       701 
       Nursery school |         0          0          1          0          0 |        16 
         Kindergarten |        17         20         15         10         11 |       325 
            1st grade |        27         35         35         34         44 |       571 
            2nd grade |        35         52         58         53         44 |     1,016 
            3rd grade |        55         54         70         76         91 |     2,053 
            4th grade |        87         82        124        112        107 |     4,629 
            5th grade |       125        105        123        114        124 |     7,382 
            6th grade |       177        209        197        212        192 |     8,202 
            7th grade |       287        332        324        319        312 |     8,710 
            8th grade |       630        652        756        728        725 |    11,106 
            9th grade |       408        479        507        501        498 |     8,786 
           10th grade |       607        628        666        687        718 |     8,992 
           11th grade |       480        453        469        507        556 |     7,070 
           12th grade |     2,436      2,555      2,424      2,378      2,428 |    17,668 
             1st year |       515        372        356        291        272 |     2,694 
             2nd year |       461        418        372        367        311 |     2,183 
             3rd year |       157        310        259        263        255 |     1,288 
             4th year |        37        162        314        394        384 |     1,317 
5th year or more (40- |         6         24         52         91        126 |       307 
----------------------+-------------------------------------------------------+----------
                Total |    26,360     27,006     27,141     26,910     27,124 |   443,523 

                      |                                                Age
          parent_link |        11         12         13         14         15         16         17         18         19 |     Total
----------------------+---------------------------------------------------------------------------------------------------+----------
       No parent link |     1,782      1,978      2,027      2,202      2,492      2,983      3,940      6,378      8,236 |   104,416 
Unambiguous parent li |    34,700     35,990     33,793     32,777     31,564     29,687     27,396     23,775     19,023 |   329,888 
Child/grandchild link |     1,137      1,051        852        777        669        566        457        353        260 |     6,784 
Preceding person (no  |       312        333        268        252        239        221        196        141         67 |     2,263 
Preceding person (sur |         1          3          1          0          2          2          2         28         22 |       112 
Spouse of parent beco |         8          8          4          8          2          3          2          9          3 |        60 
----------------------+---------------------------------------------------------------------------------------------------+----------
                Total |    37,940     39,363     36,945     36,016     34,968     33,462     31,993     30,684     27,611 |   443,523 


                      |                          Age
          parent_link |        20         21         22         23         24 |     Total
----------------------+-------------------------------------------------------+----------
       No parent link |     9,999     12,626     14,674     16,577     18,522 |   104,416 
Unambiguous parent li |    16,075     14,158     12,264     10,195      8,491 |   329,888 
Child/grandchild link |       201        145        151         88         77 |     6,784 
Preceding person (no  |        65         59         44         36         30 |     2,263 
Preceding person (sur |        15         15          6         12          3 |       112 
Spouse of parent beco |         5          3          2          2          1 |        60 
----------------------+-------------------------------------------------------+----------
                Total |    26,360     27,006     27,141     26,910     27,124 |   443,523 

      Relationship to |
       household head |                                                Age
    [general version] |        11         12         13         14         15         16         17         18         19 |     Total
----------------------+---------------------------------------------------------------------------------------------------+----------
     Head/Householder |         0          1          2         16          7         19         60        211        566 |    17,940 
               Spouse |         0          0          0         25         89        276        659      1,492      2,614 |    35,762 
                Child |    35,122     36,464     34,283     33,263     32,069     30,210     27,830     24,182     19,317 |   334,182 
         Child-in-law |         0          1          0          9         67        193        326        675        856 |     8,354 
               Parent |         0          0          0          3          2          1          0          0          1 |        13 
        Parent-in-Law |         0          0          0          2          3          0          2          5          5 |        21 
              Sibling |        76        111        136        164        235        264        308        391        371 |     3,992 
       Sibling-in-Law |        63         91        123        168        207        277        352        419        450 |     4,381 
           Grandchild |     1,690      1,655      1,410      1,282      1,151        996        840        695        531 |    11,720 
      Other relatives |       625        637        626        660        626        622        659        700        533 |     8,152 
Partner, friend, visi |         4          6          3          8          7          8         22         39         57 |       598 
  Other non-relatives |       316        346        313        357        424        542        870      1,823      2,248 |    17,582 
Institutional inmates |        44         51         49         59         81         54         65         52         62 |       826 
----------------------+---------------------------------------------------------------------------------------------------+----------
                Total |    37,940     39,363     36,945     36,016     34,968     33,462     31,993     30,684     27,611 |   443,523 


      Relationship to |
       household head |                          Age
    [general version] |        20         21         22         23         24 |     Total
----------------------+-------------------------------------------------------+----------
     Head/Householder |     1,146      2,176      3,363      4,579      5,794 |    17,940 
               Spouse |     3,659      5,119      6,138      7,292      8,399 |    35,762 
                Child |    16,302     14,330     12,306     10,152      8,352 |   334,182 
         Child-in-law |     1,029      1,184      1,338      1,349      1,327 |     8,354 
               Parent |         1          1          2          2          0 |        13 
        Parent-in-Law |         0          0          0          1          3 |        21 
              Sibling |       384        402        409        365        376 |     3,992 
       Sibling-in-Law |       427        467        489        449        399 |     4,381 
           Grandchild |       427        343        298        222        180 |    11,720 
      Other relatives |       578        584        498        427        377 |     8,152 
Partner, friend, visi |        77         73         93        107         94 |       598 
  Other non-relatives |     2,261      2,276      2,144      1,894      1,768 |    17,582 
Institutional inmates |        69         51         63         71         55 |       826 
----------------------+-------------------------------------------------------+----------
                Total |    26,360     27,006     27,141     26,910     27,124 |   443,523 



Dataset year: c1960

                  |                                                      Age
School attendance |        11         12         13         14         15         16         17         18         19         20 |     Total
------------------+--------------------------------------------------------------------------------------------------------------+----------
No, not in school |       768        933      1,131      1,360      2,020      3,978      6,924     12,432     15,443     16,723 |   137,367 
   Yes, in school |    34,243     35,238     34,590     25,935     25,823     24,662     21,720     12,508      7,382      5,128 |   237,955 
------------------+--------------------------------------------------------------------------------------------------------------+----------
            Total |    35,011     36,171     35,721     27,295     27,843     28,640     28,644     24,940     22,825     21,851 |   375,322 


                  |                     Age
School attendance |        21         22         23         24 |     Total
------------------+--------------------------------------------+----------
No, not in school |    18,076     18,890     19,042     19,647 |   137,367 
   Yes, in school |     4,143      2,723      2,085      1,775 |   237,955 
------------------+--------------------------------------------+----------
            Total |    22,219     21,613     21,127     21,422 |   375,322 

     Highest grade of |
   schooling [general |                                                Age
             version] |        11         12         13         14         15         16         17         18         19 |     Total
----------------------+---------------------------------------------------------------------------------------------------+----------
                 None |       136        150        163        143        136        132         98        118        141 |     1,777 
         Kindergarten |        58         36         30         66         42         66         46         17         25 |       461 
            1st grade |       136         78         60         26        152         95         92         43         45 |       886 
            2nd grade |       545        224        104         67         54        171        109        119         95 |     1,791 
            3rd grade |     2,502        747        297        144        109         78         83         85        115 |     4,680 
            4th grade |    11,900      2,676        881        284        194        125        104        112        125 |    17,100 
            5th grade |    18,016     11,767      2,887        808        407        220        214        169        190 |    35,668 
            6th grade |     1,474     18,491     11,985      2,442      1,009        543        399        327        294 |    38,578 
            7th grade |       189      1,690     17,375      8,390      2,737      1,208        818        621        546 |    36,427 
            8th grade |        55        253      1,608     13,062      8,589      2,996      1,719      1,270      1,271 |    37,900 
            9th grade |         0         59        256      1,562     12,657      8,301      2,947      1,793      1,558 |    36,183 
           10th grade |         0          0         75        227      1,467     12,892      8,275      2,810      1,914 |    36,858 
           11th grade |         0          0          0         70        202      1,581     11,849      6,722      2,644 |    31,457 
           12th grade |         0          0          0          4         88        196      1,800     10,001      9,761 |    65,106 
             1st year |         0          0          0          0          0         36         64        645      3,556 |    11,588 
             2nd year |         0          0          0          0          0          0         27         71        461 |     7,842 
             3rd year |         0          0          0          0          0          0          0         17         62 |     4,778 
             4th year |         0          0          0          0          0          0          0          0         22 |     5,014 
5th year or more (40- |         0          0          0          0          0          0          0          0          0 |     1,035 
6th year or more (60, |         0          0          0          0          0          0          0          0          0 |       193 
----------------------+---------------------------------------------------------------------------------------------------+----------
                Total |    35,011     36,171     35,721     27,295     27,843     28,640     28,644     24,940     22,825 |   375,322 


     Highest grade of |
   schooling [general |                          Age
             version] |        20         21         22         23         24 |     Total
----------------------+-------------------------------------------------------+----------
                 None |        96        114        107        120        123 |     1,777 
         Kindergarten |        13         12         17         16         17 |       461 
            1st grade |        30         27         22         34         46 |       886 
            2nd grade |        60         65         54         65         59 |     1,791 
            3rd grade |        84        102        112        105        117 |     4,680 
            4th grade |       123        143        115        155        163 |    17,100 
            5th grade |       166        203        209        186        226 |    35,668 
            6th grade |       269        281        330        368        366 |    38,578 
            7th grade |       520        529        561        617        626 |    36,427 
            8th grade |     1,368      1,328      1,409      1,417      1,555 |    37,900 
            9th grade |     1,455      1,468      1,371      1,362      1,394 |    36,183 
           10th grade |     1,931      1,931      1,821      1,747      1,768 |    36,858 
           11th grade |     1,925      1,848      1,603      1,486      1,527 |    31,457 
           12th grade |     8,722      8,907      8,809      8,444      8,374 |    65,106 
             1st year |     2,240      1,452      1,232      1,187      1,176 |    11,588 
             2nd year |     2,384      1,721      1,113      1,021      1,044 |     7,842 
             3rd year |       387      1,698      1,209        738        667 |     4,778 
             4th year |        65        342      1,394      1,611      1,580 |     5,014 
5th year or more (40- |        13         31        101        403        487 |     1,035 
6th year or more (60, |         0         17         24         45        107 |       193 
----------------------+-------------------------------------------------------+----------
                Total |    21,851     22,219     21,613     21,127     21,422 |   375,322 

                      |                                                Age
          parent_link |        11         12         13         14         15         16         17         18         19 |     Total
----------------------+---------------------------------------------------------------------------------------------------+----------
       No parent link |     1,648      1,742      1,777      1,795      2,225      2,785      4,465      9,330     12,031 |   117,344 
Unambiguous parent li |    32,673     33,811     33,389     25,120     25,185     25,499     23,856     15,454     10,717 |   254,237 
Child/grandchild link |       546        488        425        299        336        271        231        119         72 |     2,924 
Preceding person (no  |       131        107        116         74         89         78         87         26          0 |       709 
Spouse of parent beco |        13         23         14          7          8          7          5         11          5 |       108 
----------------------+---------------------------------------------------------------------------------------------------+----------
                Total |    35,011     36,171     35,721     27,295     27,843     28,640     28,644     24,940     22,825 |   375,322 


                      |                          Age
          parent_link |        20         21         22         23         24 |     Total
----------------------+-------------------------------------------------------+----------
       No parent link |    13,694     15,217     16,025     16,887     17,723 |   117,344 
Unambiguous parent li |     8,115      6,963      5,563      4,211      3,681 |   254,237 
Child/grandchild link |        37         33         23         27         17 |     2,924 
Preceding person (no  |         0          0          0          1          0 |       709 
Spouse of parent beco |         5          6          2          1          1 |       108 
----------------------+-------------------------------------------------------+----------
                Total |    21,851     22,219     21,613     21,127     21,422 |   375,322 

      Relationship to |
       household head |                                                Age
    [general version] |        11         12         13         14         15         16         17         18         19 |     Total
----------------------+---------------------------------------------------------------------------------------------------+----------
     Head/Householder |         0          0          0         28         45         69        191        684      1,398 |    27,084 
               Spouse |         0          0          0         41        127        485      1,124      2,217      3,512 |    40,726 
                Child |    33,043     34,203     33,818     25,504     25,569     25,900     24,285     15,734     10,944 |   257,866 
         Child-in-law |         0          0          0          8         47         70        181        253        331 |     2,552 
               Parent |         0          0          0          1          0          1          0          2         10 |        24 
        Parent-in-Law |         0          0          0          0          0          0          0          0         26 |        43 
              Sibling |        36         50         53         70        101        133        169        181        240 |     2,076 
       Sibling-in-Law |        30         43         57         69         92        141        157        196        212 |     1,839 
           Grandchild |     1,070      1,034        896        699        799        661        629        473        297 |     7,350 
      Other relatives |       451        441        437        390        448        476        552        588        560 |     6,178 
Partner, friend, visi |         5          6          7          7          6          9         26         84        112 |       931 
  Other non-relatives |       241        233        224        250        311        376      1,046      4,278      4,934 |    25,366 
Institutional inmates |       135        161        229        228        298        319        284        250        249 |     3,287 
----------------------+---------------------------------------------------------------------------------------------------+----------
                Total |    35,011     36,171     35,721     27,295     27,843     28,640     28,644     24,940     22,825 |   375,322 


      Relationship to |
       household head |                          Age
    [general version] |        20         21         22         23         24 |     Total
----------------------+-------------------------------------------------------+----------
     Head/Householder |     2,460      3,997      5,287      6,010      6,915 |    27,084 
               Spouse |     4,955      6,053      6,775      7,383      8,054 |    40,726 
                Child |     8,280      7,076      5,623      4,252      3,635 |   257,866 
         Child-in-law |       330        368        335        340        289 |     2,552 
               Parent |         0          0          0          9          1 |        24 
        Parent-in-Law |         1          1          0         15          0 |        43 
              Sibling |       252        219        201        189        182 |     2,076 
       Sibling-in-Law |       212        189        159        155        127 |     1,839 
           Grandchild |       208        187        163        149         85 |     7,350 
      Other relatives |       440        434        373        330        258 |     6,178 
Partner, friend, visi |       118        140        153        126        132 |       931 
  Other non-relatives |     4,375      3,322      2,318      1,953      1,505 |    25,366 
Institutional inmates |       220        233        226        216        239 |     3,287 
----------------------+-------------------------------------------------------+----------
                Total |    21,851     22,219     21,613     21,127     21,422 |   375,322 



Dataset year: c1970

                  |                                                      Age
School attendance |        11         12         13         14         15         16         17         18         19         20 |     Total
------------------+--------------------------------------------------------------------------------------------------------------+----------
No, not in school |     1,033      1,082      1,039      1,544      1,876      3,071      5,313     12,877     18,478     22,609 |   172,392 
   Yes, in school |    40,792     41,599     40,657     39,857     38,987     36,109     32,931     23,976     16,263     11,454 |   345,531 
------------------+--------------------------------------------------------------------------------------------------------------+----------
            Total |    41,825     42,681     41,696     41,401     40,863     39,180     38,244     36,853     34,741     34,063 |   517,923 


                  |                     Age
School attendance |        21         22         23         24 |     Total
------------------+--------------------------------------------+----------
No, not in school |    23,288     27,523     29,170     23,489 |   172,392 
   Yes, in school |     9,128      6,232      4,583      2,963 |   345,531 
------------------+--------------------------------------------+----------
            Total |    32,416     33,755     33,753     26,452 |   517,923 

     Highest grade of |
   schooling [general |                                                Age
             version] |        11         12         13         14         15         16         17         18         19 |     Total
----------------------+---------------------------------------------------------------------------------------------------+----------
                 None |       319        302        258        297        280        216        232        238        228 |     3,476 
       Nursery school |         4          3          4          7          3          1          2          6         10 |       100 
         Kindergarten |        36         30         23         34         31         52         37         59         40 |       566 
            1st grade |        79         47         21         23         36         29         34         41         45 |       515 
            2nd grade |       372        131         65         42         30         35         43         47         53 |     1,020 
            3rd grade |     2,648        495        130         98         47         48         31         51         68 |     3,920 
            4th grade |    16,237      2,890        592        187         79         45         54         77         75 |    20,586 
            5th grade |    20,894     16,224      2,860        600        205        146        107         92        103 |    41,774 
            6th grade |     1,044     21,268     15,750      3,211        767        341        228        204        225 |    44,236 
            7th grade |       133      1,093     20,701     15,060      3,282        958        463        369        343 |    44,280 
            8th grade |        59        140      1,108     20,502     14,761      3,348      1,328        934        846 |    47,530 
            9th grade |         0         56        131      1,068     19,961     14,202      3,592      1,696      1,392 |    48,227 
           10th grade |         0          2         53        171      1,075     18,524     13,231      3,637      2,023 |    47,232 
           11th grade |         0          0          0        101        141      1,023     17,603     12,571      4,421 |    44,849 
           12th grade |         0          0          0          0        165        185      1,177     16,061     16,311 |   100,770 
             1st year |         0          0          0          0          0         27         48        651      7,845 |    25,330 
             2nd year |         0          0          0          0          0          0         34         82        619 |    18,125 
             3rd year |         0          0          0          0          0          0          0         37         70 |    11,234 
             4th year |         0          0          0          0          0          0          0          0         24 |    11,189 
5th year or more (40- |         0          0          0          0          0          0          0          0          0 |     2,529 
6th year or more (60, |         0          0          0          0          0          0          0          0          0 |       435 
----------------------+---------------------------------------------------------------------------------------------------+----------
                Total |    41,825     42,681     41,696     41,401     40,863     39,180     38,244     36,853     34,741 |   517,923 


     Highest grade of |
   schooling [general |                          Age
             version] |        20         21         22         23         24 |     Total
----------------------+-------------------------------------------------------+----------
                 None |       218        218        229        220        221 |     3,476 
       Nursery school |         6         14         10         18         12 |       100 
         Kindergarten |        50         38         47         47         42 |       566 
            1st grade |        54         24         29         28         25 |       515 
            2nd grade |        58         33         39         33         39 |     1,020 
            3rd grade |        65         65         60         71         43 |     3,920 
            4th grade |        58         59         68         81         84 |    20,586 
            5th grade |       102         92        123        114        112 |    41,774 
            6th grade |       235        215        214        272        262 |    44,236 
            7th grade |       368        327        405        423        355 |    44,280 
            8th grade |       816        899        872        982        935 |    47,530 
            9th grade |     1,212      1,196      1,251      1,304      1,166 |    48,227 
           10th grade |     1,821      1,690      1,700      1,754      1,551 |    47,232 
           11th grade |     2,184      1,866      1,777      1,759      1,403 |    44,849 
           12th grade |    13,969     13,054     14,363     14,445     11,040 |   100,770 
             1st year |     6,127      3,133      2,867      2,681      1,951 |    25,330 
             2nd year |     6,046      4,546      2,636      2,436      1,726 |    18,125 
             3rd year |       563      4,386      3,253      1,763      1,162 |    11,234 
             4th year |        89        510      3,543      4,111      2,912 |    11,189 
5th year or more (40- |        22         44        232      1,117      1,114 |     2,529 
6th year or more (60, |         0          7         37         94        297 |       435 
----------------------+-------------------------------------------------------+----------
                Total |    34,063     32,416     33,755     33,753     26,452 |   517,923 
no observations

      Relationship to |
       household head |                                                Age
    [general version] |        11         12         13         14         15         16         17         18         19 |     Total
----------------------+---------------------------------------------------------------------------------------------------+----------
     Head/Householder |         0          0          0        204        201        178        385      1,166      2,544 |    46,658 
               Spouse |         0          0          0        116        137        357        950      2,318      3,886 |    51,489 
                Child |    39,960     40,824     39,759     39,015     38,242     36,233     33,974     24,919     17,757 |   354,695 
         Child-in-law |         0          0          0         24         40         91        171        300        362 |     2,720 
               Parent |         0          0          0          2          1          0          2          1          0 |         8 
        Parent-in-Law |         0          0          0          0          3          1          0          0          0 |         7 
              Sibling |        75         72         92        122        153        207        234        293        314 |     2,888 
       Sibling-in-Law |        46         47         65         86         98        127        166        214        205 |     1,805 
           Grandchild |       963        857        900        867        836        762        686        571        422 |     8,144 
      Other relatives |       346        396        371        392        423        414        469        407        378 |     4,873 
Partner, friend, visi |        44         46         52         52         73         74        125        264        517 |     4,761 
  Other non-relatives |       241        254        241        267        322        377        776      6,072      8,047 |    36,019 
Institutional inmates |       150        185        216        254        334        359        306        328        309 |     3,856 
----------------------+---------------------------------------------------------------------------------------------------+----------
                Total |    41,825     42,681     41,696     41,401     40,863     39,180     38,244     36,853     34,741 |   517,923 


      Relationship to |
       household head |                          Age
    [general version] |        20         21         22         23         24 |     Total
----------------------+-------------------------------------------------------+----------
     Head/Householder |     4,608      6,479      9,379     11,386     10,128 |    46,658 
               Spouse |     5,882      7,731      9,807     11,038      9,267 |    51,489 
                Child |    13,576     10,338      8,827      7,003      4,268 |   354,695 
         Child-in-law |       409        345        366        367        245 |     2,720 
               Parent |         1          1          0          0          0 |         8 
        Parent-in-Law |         0          2          0          1          0 |         7 
              Sibling |       308        277        283        255        203 |     2,888 
       Sibling-in-Law |       207        164        143        139         98 |     1,805 
           Grandchild |       372        302        254        218        134 |     8,144 
      Other relatives |       348        279        260        217        173 |     4,873 
Partner, friend, visi |       747        825        742        728        472 |     4,761 
  Other non-relatives |     7,316      5,367      3,382      2,139      1,218 |    36,019 
Institutional inmates |       289        306        312        262        246 |     3,856 
----------------------+-------------------------------------------------------+----------
                Total |    34,063     32,416     33,755     33,753     26,452 |   517,923 



Dataset year: c1980

                  |                                                      Age
School attendance |        11         12         13         14         15         16         17         18         19         20 |     Total
------------------+--------------------------------------------------------------------------------------------------------------+----------
No, not in school |     2,014      1,829      2,208      2,736      5,962     15,584     33,420     80,270    125,368    141,043 | 1,076,028 
   Yes, in school |   179,462    176,051    181,928    190,038    197,656    193,897    177,696    130,720     94,140     75,088 | 1,769,299 
------------------+--------------------------------------------------------------------------------------------------------------+----------
            Total |   181,476    177,880    184,136    192,774    203,618    209,481    211,116    210,990    219,508    216,131 | 2,845,327 


                  |                     Age
School attendance |        21         22         23         24 |     Total
------------------+--------------------------------------------+----------
No, not in school |   147,802    165,246    174,248    178,298 | 1,076,028 
   Yes, in school |    63,901     46,431     33,796     28,495 | 1,769,299 
------------------+--------------------------------------------+----------
            Total |   211,703    211,677    208,044    206,793 | 2,845,327 

     Highest grade of |
   schooling [general |                                                Age
             version] |        11         12         13         14         15         16         17         18         19 |     Total
----------------------+---------------------------------------------------------------------------------------------------+----------
                 None |       644        526        506        417        422        373        453        516        680 |     8,888 
       Nursery school |        14         15         13         19         19         13          6         15         19 |       270 
         Kindergarten |        99         87         60        102         95        171        119         76         64 |     1,197 
            1st grade |       179        113         70         58        123        103        132         97         84 |     1,527 
            2nd grade |     1,048        300        114         78         79        129        127         99        114 |     2,943 
            3rd grade |    10,412      1,374        295        161        108        128        149        159        172 |    14,233 
            4th grade |    76,711     10,768      1,547        380        216        161        163        176        198 |    91,865 
            5th grade |    87,688     74,461     11,632      1,752        542        351        310        298        310 |   179,440 
            6th grade |     4,133     85,700     77,163     13,734      2,913      1,139        865        833        969 |   193,860 
            7th grade |       453      3,927     88,114     79,410     15,297      3,816      1,975      1,498      1,352 |   202,426 
            8th grade |        94        525      3,950     91,285     84,661     18,285      7,172      4,695      4,269 |   234,531 
            9th grade |         1         82        549      4,753     94,106     87,403     21,386     10,338      8,780 |   263,559 
           10th grade |         0          2        119        533      4,272     91,239     82,278     21,264     13,379 |   263,189 
           11th grade |         0          0          4         90        565      5,130     86,672     75,133     22,579 |   247,247 
           12th grade |         0          0          0          2        198        973      8,812     91,448    120,065 |   673,767 
             1st year |         0          0          0          0          1         60        414      3,900     42,413 |   168,849 
             2nd year |         0          0          0          0          1          1         79        381      3,585 |   129,995 
             3rd year |         0          0          0          0          0          2          3         62        389 |    73,643 
             4th year |         0          0          0          0          0          1          0          1         83 |    75,158 
5th year or more (40- |         0          0          0          0          0          1          0          0          2 |    13,386 
6th year or more (60, |         0          0          0          0          0          0          0          0          1 |     4,154 
             7th year |         0          0          0          0          0          1          0          1          1 |       918 
     8th year or more |         0          0          0          0          0          1          1          0          0 |       282 
----------------------+---------------------------------------------------------------------------------------------------+----------
                Total |   181,476    177,880    184,136    192,774    203,618    209,481    211,116    210,990    219,508 | 2,845,327 


     Highest grade of |
   schooling [general |                          Age
             version] |        20         21         22         23         24 |     Total
----------------------+-------------------------------------------------------+----------
                 None |       748        855        927        902        919 |     8,888 
       Nursery school |        34         17         29         29         28 |       270 
         Kindergarten |        58         64         73         59         70 |     1,197 
            1st grade |       124        100         89        128        127 |     1,527 
            2nd grade |       140        170        170        170        205 |     2,943 
            3rd grade |       198        201        268        286        322 |    14,233 
            4th grade |       234        253        300        352        406 |    91,865 
            5th grade |       364        376        386        437        533 |   179,440 
            6th grade |     1,086      1,198      1,364      1,313      1,450 |   193,860 
            7th grade |     1,317      1,282      1,246      1,340      1,399 |   202,426 
            8th grade |     4,038      3,894      3,972      3,968      3,723 |   234,531 
            9th grade |     8,003      7,344      7,272      6,940      6,602 |   263,559 
           10th grade |    11,464     10,110      9,914      9,555      9,060 |   263,189 
           11th grade |    14,196     11,810     10,779     10,394      9,895 |   247,247 
           12th grade |    96,782     91,251     90,547     87,232     86,457 |   673,767 
             1st year |    41,030     23,229     20,313     19,099     18,390 |   168,849 
             2nd year |    32,834     32,797     21,606     19,844     18,867 |   129,995 
             3rd year |     2,880     23,970     22,228     12,941     11,168 |    73,643 
             4th year |       517      2,553     19,009     26,593     26,401 |    75,158 
5th year or more (40- |        74        178        969      5,437      6,725 |    13,386 
6th year or more (60, |         4         42        166        755      3,186 |     4,154 
             7th year |         1          6         50        197        661 |       918 
     8th year or more |         5          3          0         73        199 |       282 
----------------------+-------------------------------------------------------+----------
                Total |   216,131    211,703    211,677    208,044    206,793 | 2,845,327 
no observations

      Relationship to |
       household head |                                                Age
    [general version] |        11         12         13         14         15         16         17         18         19 |     Total
----------------------+---------------------------------------------------------------------------------------------------+----------
     Head/Householder |         0          0          0          0        369        580      1,845      7,923     19,709 |   331,724 
               Spouse |         0          0          0          0        485      1,353      3,848      9,239     17,448 |   237,768 
                Child |   172,389    168,855    174,810    182,129    190,794    193,339    186,963    148,586    119,843 | 1,869,176 
         Child-in-law |        27         19         20         20        169        300        582        926      1,228 |    10,049 
               Parent |         0          0          0          0          0          0          1          1          1 |         9 
        Parent-in-Law |        12         17         15         25         35         26         21         41         28 |       354 
              Sibling |       699        757        980      1,272      1,548      2,062      2,533      3,248      3,991 |    35,393 
       Sibling-in-Law |        91        120        180        217        385        500        731        812        973 |     8,211 
           Grandchild |     4,343      4,111      3,912      3,934      3,755      3,659      3,503      3,061      2,740 |    41,318 
      Other relatives |     1,783      1,877      1,911      2,155      2,286      2,487      2,673      2,614      2,577 |    29,847 
Partner, friend, visi |       198        147        176        159        253        547      1,456      4,362      8,642 |    81,279 
  Other non-relatives |     1,587      1,536      1,481      1,822      2,166      2,912      5,403     28,714     40,549 |   179,793 
Institutional inmates |       347        441        651      1,041      1,373      1,716      1,557      1,463      1,779 |    20,406 
----------------------+---------------------------------------------------------------------------------------------------+----------
                Total |   181,476    177,880    184,136    192,774    203,618    209,481    211,116    210,990    219,508 | 2,845,327 


      Relationship to |
       household head |                          Age
    [general version] |        20         21         22         23         24 |     Total
----------------------+-------------------------------------------------------+----------
     Head/Householder |    34,343     47,578     62,461     73,941     82,975 |   331,724 
               Spouse |    26,008     33,857     42,374     48,875     54,281 |   237,768 
                Child |    97,389     77,874     64,985     51,178     40,042 | 1,869,176 
         Child-in-law |     1,343      1,380      1,388      1,374      1,273 |    10,049 
               Parent |         1          2          0          0          3 |         9 
        Parent-in-Law |        24         26         28         26         30 |       354 
              Sibling |     4,095      3,891      3,736      3,539      3,042 |    35,393 
       Sibling-in-Law |       915        889        876        777        745 |     8,211 
           Grandchild |     2,336      1,910      1,597      1,361      1,096 |    41,318 
      Other relatives |     2,321      2,184      1,894      1,677      1,408 |    29,847 
Partner, friend, visi |    12,189     14,354     14,209     12,956     11,631 |    81,279 
  Other non-relatives |    33,203     25,748     15,973     10,398      8,301 |   179,793 
Institutional inmates |     1,964      2,010      2,156      1,942      1,966 |    20,406 
----------------------+-------------------------------------------------------+----------
                Total |   216,131    211,703    211,677    208,044    206,793 | 2,845,327 



Dataset year: c1990

                  |                                                      Age
School attendance |        11         12         13         14         15         16         17         18         19         20 |     Total
------------------+--------------------------------------------------------------------------------------------------------------+----------
No, not in school |     6,883      6,334      6,049      6,003      7,239     11,492     20,062     47,877     84,364     99,478 |   795,688 
   Yes, in school |   173,290    170,778    167,715    163,317    164,602    159,038    154,877    132,060    108,456     84,643 | 1,671,471 
------------------+--------------------------------------------------------------------------------------------------------------+----------
            Total |   180,173    177,112    173,764    169,320    171,841    170,530    174,939    179,937    192,820    184,121 | 2,467,159 


                  |                     Age
School attendance |        21         22         23         24 |     Total
------------------+--------------------------------------------+----------
No, not in school |   104,710    116,186    134,188    144,823 |   795,688 
   Yes, in school |    70,225     51,419     38,715     32,336 | 1,671,471 
------------------+--------------------------------------------+----------
            Total |   174,935    167,605    172,903    177,159 | 2,467,159 
no observations
no observations

      Relationship to |
       household head |                                                Age
    [general version] |        11         12         13         14         15         16         17         18         19 |     Total
----------------------+---------------------------------------------------------------------------------------------------+----------
     Head/Householder |         0          0          0          0        185        550      1,289      4,920     13,457 |   217,712 
               Spouse |         0          0          0          0        128        529      1,248      3,354      7,605 |   131,038 
                Child |   167,175    164,643    161,570    156,754    158,017    154,193    153,739    132,264    113,519 | 1,704,253 
         Child-in-law |         1          1          3          9         40        108        259        426        626 |     5,926 
        Parent-in-Law |         2          0          1          0          1          5          5         10         13 |       103 
              Sibling |       642        750        801        924      1,141      1,512      1,975      2,728      3,353 |    33,539 
       Sibling-in-Law |        38         48         52         93        124        203        295        367        510 |     4,699 
           Grandchild |     7,398      6,715      6,385      6,013      5,810      5,684      5,685      5,106      4,733 |    67,566 
      Other relatives |     1,865      1,837      1,799      1,994      2,150      2,419      2,945      3,266      3,339 |    36,969 
Partner, friend, visi |       319        382        331        369        454        733      1,646      4,569      9,646 |    98,937 
  Other non-relatives |     2,565      2,472      2,372      2,505      2,757      3,298      4,523     21,772     34,615 |   150,266 
Institutional inmates |       168        264        450        659      1,034      1,296      1,330      1,155      1,404 |    16,151 
----------------------+---------------------------------------------------------------------------------------------------+----------
                Total |   180,173    177,112    173,764    169,320    171,841    170,530    174,939    179,937    192,820 | 2,467,159 


      Relationship to |
       household head |                          Age
    [general version] |        20         21         22         23         24 |     Total
----------------------+-------------------------------------------------------+----------
     Head/Householder |    22,920     30,438     38,053     48,489     57,411 |   217,712 
               Spouse |    12,654     17,361     22,470     29,471     36,218 |   131,038 
                Child |    93,420     77,463     65,456     57,401     48,639 | 1,704,253 
         Child-in-law |       747        837        890        975      1,004 |     5,926 
        Parent-in-Law |        10         14         16         13         13 |       103 
              Sibling |     3,824      3,826      3,982      3,999      4,082 |    33,539 
       Sibling-in-Law |       567        565        590        615        632 |     4,699 
           Grandchild |     4,029      3,215      2,643      2,346      1,804 |    67,566 
      Other relatives |     3,388      3,274      3,009      2,932      2,752 |    36,969 
Partner, friend, visi |    14,616     16,814     16,543     16,517     15,998 |    98,937 
  Other non-relatives |    26,412     19,550     12,277      8,334      6,814 |   150,266 
Institutional inmates |     1,534      1,578      1,676      1,811      1,792 |    16,151 
----------------------+-------------------------------------------------------+----------
                Total |   184,121    174,935    167,605    172,903    177,159 | 2,467,159 

. 
. qui log c       
